<?xml version="1.0" encoding="UTF-8"?>
<!-- Generated by org.testng.reporters.JUnitXMLReporter -->
<testsuite ignored="2" hostname="DESKTOP-CVKJJ5N" failures="0" tests="1" name="Default test" time="10.7" errors="0" timestamp="04 Jul 2022 10:40:34 GMT">
  <testcase classname="testsLogBox.MessagePatientsTests" name="shouldSMSPatientMessageText" time="10.667"/>
  <testcase classname="testsLogBox.MessagePatientsTests" name="searchPatientToMessage" time="0.0">
    <ignored/>
  </testcase> <!-- searchPatientToMessage -->
  <testcase classname="testsLogBox.MessagePatientsTests" name="shouldNotAllowDraftPatientForMessages" time="0.0">
    <ignored/>
  </testcase> <!-- shouldNotAllowDraftPatientForMessages -->
</testsuite> <!-- Default test -->
