<?xml version="1.0" encoding="UTF-8"?>
<!-- Generated by org.testng.reporters.JUnitXMLReporter -->
<testsuite ignored="7" hostname="DESKTOP-CVKJJ5N" failures="0" tests="1" name="Default test" time="15.309" errors="0" timestamp="07 Jul 2022 14:10:18 GMT">
  <testcase classname="testsLogBox.MessagePatientsTests" name="shouldReceiveSmsByPatient" time="15.271"/>
  <testcase classname="testsLogBox.MessagePatientsTests" name="shouldSMSPatientAppointmentReminder" time="0.0">
    <ignored/>
  </testcase> <!-- shouldSMSPatientAppointmentReminder -->
  <testcase classname="testsLogBox.MessagePatientsTests" name="shouldSMSPatientForm" time="0.0">
    <ignored/>
  </testcase> <!-- shouldSMSPatientForm -->
  <testcase classname="testsLogBox.MessagePatientsTests" name="shouldSMSPatientQuestionnaire" time="0.0">
    <ignored/>
  </testcase> <!-- shouldSMSPatientQuestionnaire -->
  <testcase classname="testsLogBox.MessagePatientsTests" name="searchPatientToMessage" time="0.0">
    <ignored/>
  </testcase> <!-- searchPatientToMessage -->
  <testcase classname="testsLogBox.MessagePatientsTests" name="shouldNotAllowDraftPatientForMessages" time="0.0">
    <ignored/>
  </testcase> <!-- shouldNotAllowDraftPatientForMessages -->
  <testcase classname="testsLogBox.MessagePatientsTests" name="shouldSMSPatientMessageText" time="0.0">
    <ignored/>
  </testcase> <!-- shouldSMSPatientMessageText -->
  <testcase classname="testsLogBox.MessagePatientsTests" name="shouldDisplayMessageQuestionnaireFormAppointmentOptions" time="0.0">
    <ignored/>
  </testcase> <!-- shouldDisplayMessageQuestionnaireFormAppointmentOptions -->
</testsuite> <!-- Default test -->
