<?xml version="1.0" encoding="UTF-8"?>
<testng-results ignored="2" total="3" passed="1" failed="0" skipped="0">
  <reporter-output>
    <line>
      <![CDATA[The message was sent to the patient successfully]]>
    </line>
  </reporter-output>
  <suite started-at="2022-07-04T10:40:24Z" name="Default suite" finished-at="2022-07-04T10:40:34Z" duration-ms="10700">
    <groups>
    </groups>
    <test started-at="2022-07-04T10:40:24Z" name="Default test" finished-at="2022-07-04T10:40:34Z" duration-ms="10700">
      <class name="testsLogBox.MessagePatientsTests">
        <test-method signature="shouldSMSPatientMessageText()[pri:0, instance:testsLogBox.MessagePatientsTests@4ad4936c]" started-at="2022-07-04T10:40:24Z" name="shouldSMSPatientMessageText" finished-at="2022-07-04T10:40:34Z" duration-ms="10667" status="PASS">
          <reporter-output>
            <line>
              <![CDATA[The message was sent to the patient successfully]]>
            </line>
          </reporter-output>
        </test-method> <!-- shouldSMSPatientMessageText -->
      </class> <!-- testsLogBox.MessagePatientsTests -->
    </test> <!-- Default test -->
  </suite> <!-- Default suite -->
</testng-results>
