<?xml version="1.0" encoding="UTF-8"?>
<testng-results ignored="2" total="3" passed="1" failed="0" skipped="0">
  <reporter-output>
  </reporter-output>
  <suite started-at="2022-06-11T21:18:30Z" name="Default suite" finished-at="2022-06-11T21:18:41Z" duration-ms="11143">
    <groups>
    </groups>
    <test started-at="2022-06-11T21:18:30Z" name="Default test" finished-at="2022-06-11T21:18:41Z" duration-ms="11143">
      <class name="testsLogBox.ActivityFeedTests.ActivityTests">
        <test-method signature="shouldCreateActivityForSelectedPatient()[pri:0, instance:testsLogBox.ActivityFeedTests.ActivityTests@66eb985d]" started-at="2022-06-11T21:18:30Z" name="shouldCreateActivityForSelectedPatient" finished-at="2022-06-11T21:18:41Z" duration-ms="11128" status="PASS">
          <reporter-output>
          </reporter-output>
        </test-method> <!-- shouldCreateActivityForSelectedPatient -->
      </class> <!-- testsLogBox.ActivityFeedTests.ActivityTests -->
    </test> <!-- Default test -->
  </suite> <!-- Default suite -->
</testng-results>
