<?xml version="1.0" encoding="UTF-8"?>
<testng-results ignored="0" total="1" passed="1" failed="0" skipped="0">
  <reporter-output>
    <line>
      <![CDATA[Expected URL  https://qa.logbox.co.za/premium/#/]]>
    </line>
  </reporter-output>
  <suite started-at="2022-05-28T08:13:38Z" name="Default suite" finished-at="2022-05-28T08:13:42Z" duration-ms="3935">
    <groups>
    </groups>
    <test started-at="2022-05-28T08:13:38Z" name="Default test" finished-at="2022-05-28T08:13:42Z" duration-ms="3935">
      <class name="testsLogBox.LoginPracticeTests">
        <test-method signature="shouldLoginWithValidUsernameValidPassword()[pri:0, instance:testsLogBox.LoginPracticeTests@66eb985d]" started-at="2022-05-28T08:13:38Z" name="shouldLoginWithValidUsernameValidPassword" finished-at="2022-05-28T08:13:41Z" duration-ms="3889" status="PASS">
          <reporter-output>
            <line>
              <![CDATA[Expected URL  https://qa.logbox.co.za/premium/#/]]>
            </line>
          </reporter-output>
        </test-method> <!-- shouldLoginWithValidUsernameValidPassword -->
      </class> <!-- testsLogBox.LoginPracticeTests -->
    </test> <!-- Default test -->
  </suite> <!-- Default suite -->
</testng-results>
